Removed Pin From Net: NetName=5V Pin=C4-1
Removed Pin From Net: NetName=5V Pin=C5-1
Removed Pin From Net: NetName=5V Pin=C6-1
Removed Pin From Net: NetName=HUB_3.3V Pin=C7-1
Removed Pin From Net: NetName=HUB_3.3V Pin=C8-1
Removed Pin From Net: NetName=GND Pin=C30-2
Removed Pin From Net: NetName=TRD2_P Pin=IC2-1
Removed Pin From Net: NetName=TRD2_N Pin=IC2-2
Removed Pin From Net: NetName=GND Pin=IC2-3_8
Removed Pin From Net: NetName=TRD3_P Pin=IC2-4
Removed Pin From Net: NetName=TRD3_N Pin=IC2-5
Removed Pin From Net: NetName=TRD3_N Pin=IC2-6
Removed Pin From Net: NetName=TRD3_P Pin=IC2-7
Removed Pin From Net: NetName=TRD2_N Pin=IC2-9
Removed Pin From Net: NetName=TRD2_P Pin=IC2-10
Removed Pin From Net: NetName=NetC11_1 Pin=J1-S1
Removed Pin From Net: NetName=NetC11_1 Pin=J1-S2
Removed Pin From Net: NetName=NetC11_1 Pin=J1-S3
Removed Pin From Net: NetName=NetC11_1 Pin=J1-S4
Removed Pin From Net: NetName=NetC12_1 Pin=J2-S1
Removed Pin From Net: NetName=NetC12_1 Pin=J2-S2
Removed Pin From Net: NetName=NetC12_1 Pin=J2-S3
Removed Pin From Net: NetName=NetC12_1 Pin=J2-S4
Removed Pin From Net: NetName=TRD0_P Pin=J4-1
Removed Pin From Net: NetName=TRD0_N Pin=J4-2
Removed Pin From Net: NetName=TRD1_P Pin=J4-3
Removed Pin From Net: NetName=TRD1_N Pin=J4-6
Removed Pin From Net: NetName=TRD2_P Pin=J4-7
Removed Pin From Net: NetName=TRD2_N Pin=J4-8
Removed Pin From Net: NetName=TRD3_P Pin=J4-9
Removed Pin From Net: NetName=TRD3_N Pin=J4-10
Removed Pin From Net: NetName=3.3V Pin=J4-15
Removed Pin From Net: NetName=3.3V Pin=J4-17
Removed Pin From Net: NetName=GND Pin=J4-S1
Removed Pin From Net: NetName=GND Pin=J4-S2
Removed Pin From Net: NetName=GND Pin=JP8-1
Removed Pin From Net: NetName=12V Pin=JP8-2
Removed Pin From Net: NetName=3.3V Pin=LED9-1
Removed Pin From Net: NetName=1.8V Pin=M1-88
Removed Pin From Net: NetName=1.8V Pin=M1-90
Removed Pin From Net: NetName=GND Pin=R1-2
Removed Pin From Net: NetName=5V Pin=R7-1
Removed Pin From Net: NetName=3.3V Pin=R11-2
Removed Pin From Net: NetName=ETH_LEDG Pin=R20-1
Removed Pin From Net: NetName=ETH_LEDY Pin=R21-1
Removed Pin From Net: NetName=DS3231_32kHz Pin=R24-1
Removed Pin From Net: NetName=DS3231-INT Pin=R24-2
Removed Pin From Net: NetName=GND Pin=U1-1
Removed Pin From Net: NetName=USB4_D_N Pin=U1-4
Removed Pin From Net: NetName=USB4_D_P Pin=U1-5
Removed Pin From Net: NetName=USB2_D_N Pin=U1-8
Removed Pin From Net: NetName=USB2_D_P Pin=U1-9
Removed Pin From Net: NetName=USB1_D_N Pin=U1-10
Removed Pin From Net: NetName=USB1_D_P Pin=U1-11
Removed Pin From Net: NetName=NetR7_2 Pin=U1-14
Removed Pin From Net: NetName=USB2_N Pin=U1-15
Removed Pin From Net: NetName=USB2_P Pin=U1-16
Removed Pin From Net: NetName=HUB_3.3V Pin=U1-18
Removed Pin From Net: NetName=5V Pin=U1-20
Removed Pin From Net: NetName=HUB_3.3V Pin=U1-26
Removed Member From Class: ClassName=Main Member=IC2
Removed Member From Class: ClassName=Main Member=J4
Removed Member From Class: ClassName=Main Member=JP8
Removed Member From Class: ClassName=Main Member=LED1
Removed Member From Class: ClassName=Main Member=LED3
Removed Member From Class: ClassName=Main Member=LED4
Removed Member From Class: ClassName=Main Member=LED5
Removed Member From Class: ClassName=Main Member=LED6
Removed Member From Class: ClassName=Main Member=R?
Change Component Footprint: Designator=JP6 Old Footprint=HDR-2X2 New Footprint=KF2EDGK-4P_H_5.08
Change Component Footprint: Designator=JP1 Old Footprint=KF2EDGK-2P_H_7.62 New Footprint=KF2EDGK-2P_H_5.08
Change Component Footprint: Designator=U1 Old Footprint=SOP28_L New Footprint=QFN36
Change Component Footprint: Designator=JP2 Old Footprint=VH3.96-4P_H New Footprint=KF2EDGK-4P_H_5.08
Change Component Comment : Designator=C7 Old Comment=0.1uF New Comment=100nF
Change Component Comment : Designator=C9 Old Comment=0.1uF New Comment=100nF
Change Component Comment : Designator=R2 Old Comment=1K New Comment=36K, 1%
Change Component Comment : Designator=R5 Old Comment=1K New Comment=36K, 1%
Change Component Comment : Designator=R7 Old Comment=2.7K New Comment=12K, 1%
Change Component Comment : Designator=C8 Old Comment=10uF New Comment=100nF
Change Component Comment : Designator=C10 Old Comment=10uF New Comment=100nF
Change Component Comment : Designator=C4 Old Comment=47uF New Comment=100nF
Change Component Comment : Designator=C5 Old Comment=47uF New Comment=100nF
Change Component Comment : Designator=C6 Old Comment=47uF New Comment=100nF
Change Component Comment : Designator=C30 Old Comment=100nF New Comment=6.8nF
Change Component Comment : Designator=C11 Old Comment=100nF New Comment=27pF
Change Component Comment : Designator=C12 Old Comment=100nF New Comment=27pF
Change Component Comment : Designator=R20 Old Comment=470 New Comment=36K, 1%
Change Component Comment : Designator=R21 Old Comment=470 New Comment=36K, 1%
Change Component Comment : Designator=U1 Old Comment=FE1.1S New Comment=USB2514
Change Component Comment : Designator=JP6 Old Comment=Header2X2 New Comment=HDR-1X4
Change Component Designator: OldDesignator=3.3V NewDesignator=TP5
Change Component Designator: OldDesignator=R? NewDesignator=R1
Change component parameters: Designator = "JP6" ("JP6"); Footprint = "HDR-2X2"; UniqueID = "\VIEKLWUF" ("\VIEKLWUF")
Change component parameters (AddParameter): Name = "BOM??"; Value = "4P???"; VariantName = "[No Variations]"
Change component parameters (AddParameter): Name = "????"; Value = "www.ooocke.com"; VariantName = "[No Variations]"
Change component parameters (AddParameter): Name = "????"; Value = "???"; VariantName = "[No Variations]"
Added Component: Designator=C2(C 0805)
Add component (AddParameter): Name = "BOM??"; Value = "???????"; VariantName = "[No Variations]"
Add component (AddParameter): Name = "????"; Value = "www.ooocke.com"; VariantName = "[No Variations]"
Add component (AddParameter): Name = "????"; Value = "???"; VariantName = "[No Variations]"
Added Component: Designator=C52(C 0805)
Add component (AddParameter): Name = "BOM??"; Value = "???????"; VariantName = "[No Variations]"
Add component (AddParameter): Name = "????"; Value = "www.ooocke.com"; VariantName = "[No Variations]"
Add component (AddParameter): Name = "????"; Value = "???"; VariantName = "[No Variations]"
Added Component: Designator=C53(C 0805)
Add component (AddParameter): Name = "BOM??"; Value = "???????"; VariantName = "[No Variations]"
Add component (AddParameter): Name = "????"; Value = "www.ooocke.com"; VariantName = "[No Variations]"
Add component (AddParameter): Name = "????"; Value = "???"; VariantName = "[No Variations]"
Added Component: Designator=C54(C 0805)
Add component (AddParameter): Name = "BOM??"; Value = "???????"; VariantName = "[No Variations]"
Add component (AddParameter): Name = "????"; Value = "www.ooocke.com"; VariantName = "[No Variations]"
Add component (AddParameter): Name = "????"; Value = "???"; VariantName = "[No Variations]"
Added Component: Designator=H1(P3.2C)
Added Component: Designator=H2(P3.2C)
Added Component: Designator=H3(P3.2C)
Added Component: Designator=H4(P3.2C)
Added Component: Designator=R29(R 0805)
Add component (AddParameter): Name = "BOM??"; Value = "Chip resistor"; VariantName = "[No Variations]"
Add component (AddParameter): Name = "????"; Value = "www.ooocke.com"; VariantName = "[No Variations]"
Add component (AddParameter): Name = "????"; Value = "???"; VariantName = "[No Variations]"
Added Component: Designator=R30(R 0805)
Add component (AddParameter): Name = "BOM??"; Value = "Chip resistor"; VariantName = "[No Variations]"
Add component (AddParameter): Name = "????"; Value = "www.ooocke.com"; VariantName = "[No Variations]"
Add component (AddParameter): Name = "????"; Value = "???"; VariantName = "[No Variations]"
Added Component: Designator=R31(R 0805)
Add component (AddParameter): Name = "BOM??"; Value = "Chip resistor"; VariantName = "[No Variations]"
Add component (AddParameter): Name = "????"; Value = "www.ooocke.com"; VariantName = "[No Variations]"
Add component (AddParameter): Name = "????"; Value = "???"; VariantName = "[No Variations]"
Added Component: Designator=R32(R 0805)
Add component (AddParameter): Name = "BOM??"; Value = "Chip resistor"; VariantName = "[No Variations]"
Add component (AddParameter): Name = "????"; Value = "www.ooocke.com"; VariantName = "[No Variations]"
Add component (AddParameter): Name = "????"; Value = "???"; VariantName = "[No Variations]"
Added Component: Designator=R33(R 0805)
Add component (AddParameter): Name = "BOM??"; Value = "Chip resistor"; VariantName = "[No Variations]"
Add component (AddParameter): Name = "????"; Value = "www.ooocke.com"; VariantName = "[No Variations]"
Add component (AddParameter): Name = "????"; Value = "???"; VariantName = "[No Variations]"
Added Component: Designator=R34(R 0805)
Add component (AddParameter): Name = "BOM??"; Value = "Chip resistor"; VariantName = "[No Variations]"
Add component (AddParameter): Name = "????"; Value = "www.ooocke.com"; VariantName = "[No Variations]"
Add component (AddParameter): Name = "????"; Value = "???"; VariantName = "[No Variations]"
Added Component: Designator=R35(R 0805)
Add component (AddParameter): Name = "BOM??"; Value = "Chip resistor"; VariantName = "[No Variations]"
Add component (AddParameter): Name = "????"; Value = "www.ooocke.com"; VariantName = "[No Variations]"
Add component (AddParameter): Name = "????"; Value = "???"; VariantName = "[No Variations]"
Added Component: Designator=RJ?(RJ-45A12)
Add component (AddParameter): Name = "BOM??"; Value = "???????"; VariantName = "[No Variations]"
Add component (AddParameter): Name = "????"; Value = "www.ooocke.com"; VariantName = "[No Variations]"
Add component (AddParameter): Name = "????"; Value = "???"; VariantName = "[No Variations]"
Added Pin To Net: NetName=3.3V Pin=C2-1
Added Pin To Net: NetName=GND Pin=C2-2
Added Pin To Net: NetName=3.3V Pin=C4-1
Added Pin To Net: NetName=3.3V Pin=C5-1
Added Pin To Net: NetName=3.3V Pin=C6-1
Added Pin To Net: NetName=3.3V Pin=C7-1
Added Pin To Net: NetName=3.3V Pin=C8-1
Added Pin To Net: NetName=3.3V Pin=C9-1
Added Pin To Net: NetName=3.3V Pin=C10-1
Added Pin To Net: NetName=TRD1_P Pin=C30-1
Added Pin To Net: NetName=TRD1_N Pin=C53-1
Added Pin To Net: NetName=NetH1_P Pin=H1-P
Added Pin To Net: NetName=SHIELD Pin=H1-P
Added Pin To Net: NetName=NetH1_P Pin=H2-P
Added Pin To Net: NetName=SHIELD Pin=H2-P
Added Pin To Net: NetName=NetH1_P Pin=H3-P
Added Pin To Net: NetName=SHIELD Pin=H3-P
Added Pin To Net: NetName=NetH1_P Pin=H4-P
Added Pin To Net: NetName=SHIELD Pin=H4-P
Added Pin To Net: NetName=GND Pin=J1-S1
Added Pin To Net: NetName=GND Pin=J1-S2
Added Pin To Net: NetName=GND Pin=J1-S3
Added Pin To Net: NetName=GND Pin=J1-S4
Added Pin To Net: NetName=GND Pin=J2-S1
Added Pin To Net: NetName=GND Pin=J2-S2
Added Pin To Net: NetName=GND Pin=J2-S3
Added Pin To Net: NetName=GND Pin=J2-S4
Added Pin To Net: NetName=GND Pin=JP6-1
Added Pin To Net: NetName=12V Pin=JP6-2
Added Pin To Net: NetName=GND Pin=R2-1
Added Pin To Net: NetName=GND Pin=R5-1
Added Pin To Net: NetName=GND Pin=R7-1
Added Pin To Net: NetName=GND Pin=R20-1
Added Pin To Net: NetName=GND Pin=R21-1
Added Pin To Net: NetName=32kHz Pin=R24-1
Added Pin To Net: NetName=SQW Pin=R24-2
Added Pin To Net: NetName=TRD1_P Pin=R29-2
Added Pin To Net: NetName=ETH_LEDG Pin=R30-2
Added Pin To Net: NetName=ETH_LEDY Pin=R31-2
Added Pin To Net: NetName=TRD1_N Pin=R35-1
Added Pin To Net: NetName=GND Pin=RJ?-0
Added Pin To Net: NetName=GND Pin=RJ?-0
Added Pin To Net: NetName=GND Pin=RJ?-0
Added Pin To Net: NetName=GND Pin=RJ?-0
Added Pin To Net: NetName=TRD0_P Pin=RJ?-1
Added Pin To Net: NetName=TRD0_N Pin=RJ?-2
Added Pin To Net: NetName=GND Pin=RJ?-8
Added Pin To Net: NetName=3.3V Pin=RJ?-9
Added Pin To Net: NetName=3.3V Pin=RJ?-12
Added Pin To Net: NetName=USB1_D_N Pin=U1-1
Added Pin To Net: NetName=USB1_D_P Pin=U1-2
Added Pin To Net: NetName=USB2_D_N Pin=U1-3
Added Pin To Net: NetName=USB2_D_P Pin=U1-4
Added Pin To Net: NetName=3.3V Pin=U1-5
Added Pin To Net: NetName=USB4_D_N Pin=U1-8
Added Pin To Net: NetName=USB4_D_P Pin=U1-9
Added Pin To Net: NetName=3.3V Pin=U1-10
Added Pin To Net: NetName=3.3V Pin=U1-15
Added Pin To Net: NetName=3.3V Pin=U1-23
Added Pin To Net: NetName=nEXTRST Pin=U1-26
Added Pin To Net: NetName=3.3V Pin=U1-27
Added Pin To Net: NetName=3.3V Pin=U1-29
Added Pin To Net: NetName=USB2_N Pin=U1-30
Added Pin To Net: NetName=USB2_P Pin=U1-31
Added Pin To Net: NetName=NetC11_1 Pin=U1-32
Added Pin To Net: NetName=NetC12_1 Pin=U1-33
Added Pin To Net: NetName=NetR7_2 Pin=U1-35
Added Pin To Net: NetName=3.3V Pin=U1-36
Added Pin To Net: NetName=GND Pin=U1-37
Added Pin To Net: NetName=NetC12_1 Pin=X1-1
Added Pin To Net: NetName=NetC11_1 Pin=X1-2
Change Net Name : Old Net Name=3.3V New Net Name=3.3V_RPI
Change Net Name : Old Net Name=HUB_3.3V New Net Name=nOCSS1
Added Pin To Net: NetName=1.8V_RPI Pin=M1-88
Added Pin To Net: NetName=1.8V_RPI Pin=M1-90
Added Net: Name=1.8V_RPI
Added Pin To Net: NetName=3.3V Pin=LED9-1
Added Pin To Net: NetName=3.3V Pin=R11-2
Added Net: Name=3.3V
Added Pin To Net: NetName=GND_F Pin=C52-2
Added Pin To Net: NetName=GND_F Pin=C54-2
Added Net: Name=GND_F
Added Pin To Net: NetName=NetJP6_3 Pin=JP6-3
Added Pin To Net: NetName=NetJP6_3 Pin=R26-1
Added Pin To Net: NetName=NetJP6_3 Pin=U7-6
Added Net: Name=NetJP6_3
Added Pin To Net: NetName=NetJP6_4 Pin=JP6-4
Added Pin To Net: NetName=NetJP6_4 Pin=U7-5
Added Net: Name=NetJP6_4
Added Pin To Net: NetName=NetR2_2 Pin=R2-2
Added Pin To Net: NetName=NetR2_2 Pin=U1-24
Added Net: Name=NetR2_2
Added Pin To Net: NetName=NetR5_2 Pin=R5-2
Added Pin To Net: NetName=NetR5_2 Pin=U1-22
Added Net: Name=NetR5_2
Added Pin To Net: NetName=NetR20_2 Pin=R20-2
Added Pin To Net: NetName=NetR20_2 Pin=U1-28
Added Net: Name=NetR20_2
Added Pin To Net: NetName=NetR21_2 Pin=R21-2
Added Pin To Net: NetName=NetR21_2 Pin=U1-25
Added Net: Name=NetR21_2
Added Pin To Net: NetName=NetR30_1 Pin=R30-1
Added Pin To Net: NetName=NetR30_1 Pin=RJ?-10
Added Net: Name=NetR30_1
Added Pin To Net: NetName=NetR31_1 Pin=R31-1
Added Pin To Net: NetName=NetR31_1 Pin=RJ?-11
Added Net: Name=NetR31_1
Added Pin To Net: NetName=RCT Pin=C52-1
Added Pin To Net: NetName=RCT Pin=R29-1
Added Pin To Net: NetName=RCT Pin=R35-2
Added Pin To Net: NetName=RCT Pin=RJ?-5
Added Net: Name=RCT
Added Pin To Net: NetName=RXNNET Pin=C53-2
Added Pin To Net: NetName=RXNNET Pin=RJ?-6
Added Net: Name=RXNNET
Added Pin To Net: NetName=RXPNET Pin=C30-2
Added Pin To Net: NetName=RXPNET Pin=RJ?-3
Added Net: Name=RXPNET
Added Pin To Net: NetName=TCT Pin=C54-1
Added Pin To Net: NetName=TCT Pin=R34-2
Added Pin To Net: NetName=TCT Pin=RJ?-4
Added Net: Name=TCT
Added Pin To Net: NetName=TXN Pin=R33-2
Added Net: Name=TXN
Added Pin To Net: NetName=TXP Pin=R32-1
Added Net: Name=TXP
Added Pin To Net: NetName=VCC-3V3A Pin=R32-2
Added Pin To Net: NetName=VCC-3V3A Pin=R33-1
Added Pin To Net: NetName=VCC-3V3A Pin=R34-1
Added Net: Name=VCC-3V3A
Added Member To Class: ClassName=Main Member=Component C2 100nF
Added Member To Class: ClassName=Main Member=Component C52 0.01uF
Added Member To Class: ClassName=Main Member=Component C53 6.8nF
Added Member To Class: ClassName=Main Member=Component C54 22nF
Added Member To Class: ClassName=Main Member=Component H1 Round Pad
Added Member To Class: ClassName=Main Member=Component H2 Round Pad
Added Member To Class: ClassName=Main Member=Component H3 Round Pad
Added Member To Class: ClassName=Main Member=Component H4 Round Pad
Added Member To Class: ClassName=Main Member=Component R29 82R
Added Member To Class: ClassName=Main Member=Component R30 470
Added Member To Class: ClassName=Main Member=Component R31 470
Added Member To Class: ClassName=Main Member=Component R32 51R
Added Member To Class: ClassName=Main Member=Component R33 51R
Added Member To Class: ClassName=Main Member=Component R34 10R
Added Member To Class: ClassName=Main Member=Component R35 82R
Added Member To Class: ClassName=Main Member=Component RJ? HR911105A
