Removed Pin From Net: NetName=3.3V_RPI Pin=C32-1
Removed Pin From Net: NetName=3.3V_RPI Pin=C33-1
Removed Pin From Net: NetName=3.3V_RPI Pin=C34-1
Removed Pin From Net: NetName=3.3V_RPI Pin=C35-1
Removed Pin From Net: NetName=3.3V_RPI Pin=C36-1
Removed Pin From Net: NetName=3.3V_RPI Pin=C37-1
Removed Pin From Net: NetName=3.3V_RPI Pin=L2-2
Removed Pin From Net: NetName=3.3V_RPI Pin=R19-2
Removed Pin From Net: NetName=3.3V_RPI Pin=TP5-1
Added Component: Designator=C7(C 0805)
Add component (AddParameter): Name = "BOM??"; Value = "???????"; VariantName = "[No Variations]"
Add component (AddParameter): Name = "????"; Value = "www.ooocke.com"; VariantName = "[No Variations]"
Add component (AddParameter): Name = "????"; Value = "???"; VariantName = "[No Variations]"
Added Component: Designator=C8(C 0805)
Add component (AddParameter): Name = "BOM??"; Value = "???????"; VariantName = "[No Variations]"
Add component (AddParameter): Name = "????"; Value = "www.ooocke.com"; VariantName = "[No Variations]"
Add component (AddParameter): Name = "????"; Value = "???"; VariantName = "[No Variations]"
Added Component: Designator=H1(P3.2C)
Added Component: Designator=H2(P3.2C)
Added Component: Designator=H3(P3.2C)
Added Component: Designator=H4(P3.2C)
Added Component: Designator=R7(R 0805)
Add component (AddParameter): Name = "BOM??"; Value = "Chip resistor"; VariantName = "[No Variations]"
Add component (AddParameter): Name = "????"; Value = "www.ooocke.com"; VariantName = "[No Variations]"
Add component (AddParameter): Name = "????"; Value = "???"; VariantName = "[No Variations]"
Added Pin To Net: NetName=3.3V_RPI Pin=C7-1
Added Pin To Net: NetName=GND Pin=C7-2
Added Pin To Net: NetName=3.3V_RPI Pin=C8-1
Added Pin To Net: NetName=GND Pin=C8-2
Added Pin To Net: NetName=3.3V Pin=C32-1
Added Pin To Net: NetName=3.3V Pin=C33-1
Added Pin To Net: NetName=3.3V Pin=C34-1
Added Pin To Net: NetName=3.3V Pin=C35-1
Added Pin To Net: NetName=3.3V Pin=C36-1
Added Pin To Net: NetName=3.3V Pin=C37-1
Added Pin To Net: NetName=NetH1_P Pin=H1-P
Added Pin To Net: NetName=SHIELD Pin=H1-P
Added Pin To Net: NetName=NetH1_P Pin=H2-P
Added Pin To Net: NetName=SHIELD Pin=H2-P
Added Pin To Net: NetName=NetH1_P Pin=H3-P
Added Pin To Net: NetName=SHIELD Pin=H3-P
Added Pin To Net: NetName=NetH1_P Pin=H4-P
Added Pin To Net: NetName=SHIELD Pin=H4-P
Added Pin To Net: NetName=3.3V Pin=L2-2
Added Pin To Net: NetName=GND Pin=R7-1
Added Pin To Net: NetName=NetR7_2 Pin=R7-2
Added Pin To Net: NetName=3.3V Pin=R19-2
Added Pin To Net: NetName=3.3V Pin=TP5-1
Added Member To Class: ClassName=Main Member=Component C7 100nF
Added Member To Class: ClassName=Main Member=Component C8 100nF
Added Member To Class: ClassName=Main Member=Component H1 Round Pad
Added Member To Class: ClassName=Main Member=Component H2 Round Pad
Added Member To Class: ClassName=Main Member=Component H3 Round Pad
Added Member To Class: ClassName=Main Member=Component H4 Round Pad
Added Member To Class: ClassName=Main Member=Component R7 12K, 1%
